This is XeTeX, Version 3.14159265-2.6-0.999992 (TeX Live 2020) (preloaded format=xelatex 2021.3.9)  11 MAR 2021 15:03
entering extended mode
 restricted \write18 enabled.
 %&-line parsing enabled.
**tracking-review.tex
(./tracking-review.tex
LaTeX2e <2020-10-01> patch level 4
L3 programming layer <2021-02-18> (/Users/alexh/Library/TinyTeX/texmf-dist/tex/
latex/base/book.cls
Document Class: book 2020/04/10 v1.4m Standard LaTeX document class
(/Users/alexh/Library/TinyTeX/texmf-dist/tex/latex/base/bk10.clo
File: bk10.clo 2020/04/10 v1.4m Standard LaTeX file (size option)
)
\c@part=\count175
\c@chapter=\count176
\c@section=\count177
\c@subsection=\count178
\c@subsubsection=\count179
\c@paragraph=\count180
\c@subparagraph=\count181
\c@figure=\count182
\c@table=\count183
\abovecaptionskip=\skip47
\belowcaptionskip=\skip48
\bibindent=\dimen138
) (/Users/alexh/Library/TinyTeX/texmf-dist/tex/latex/lm/lmodern.sty
Package: lmodern 2009/10/30 v1.6 Latin Modern Fonts
LaTeX Font Info:    Overwriting symbol font `operators' in version `normal'
(Font)                  OT1/cmr/m/n --> OT1/lmr/m/n on input line 22.
LaTeX Font Info:    Overwriting symbol font `letters' in version `normal'
(Font)                  OML/cmm/m/it --> OML/lmm/m/it on input line 23.
LaTeX Font Info:    Overwriting symbol font `symbols' in version `normal'
(Font)                  OMS/cmsy/m/n --> OMS/lmsy/m/n on input line 24.
LaTeX Font Info:    Overwriting symbol font `largesymbols' in version `normal'
(Font)                  OMX/cmex/m/n --> OMX/lmex/m/n on input line 25.
LaTeX Font Info:    Overwriting symbol font `operators' in version `bold'
(Font)                  OT1/cmr/bx/n --> OT1/lmr/bx/n on input line 26.
LaTeX Font Info:    Overwriting symbol font `letters' in version `bold'
(Font)                  OML/cmm/b/it --> OML/lmm/b/it on input line 27.
LaTeX Font Info:    Overwriting symbol font `symbols' in version `bold'
(Font)                  OMS/cmsy/b/n --> OMS/lmsy/b/n on input line 28.
LaTeX Font Info:    Overwriting symbol font `largesymbols' in version `bold'
(Font)                  OMX/cmex/m/n --> OMX/lmex/m/n on input line 29.
LaTeX Font Info:    Overwriting math alphabet `\mathbf' in version `normal'
(Font)                  OT1/cmr/bx/n --> OT1/lmr/bx/n on input line 31.
LaTeX Font Info:    Overwriting math alphabet `\mathsf' in version `normal'
(Font)                  OT1/cmss/m/n --> OT1/lmss/m/n on input line 32.
LaTeX Font Info:    Overwriting math alphabet `\mathit' in version `normal'
(Font)                  OT1/cmr/m/it --> OT1/lmr/m/it on input line 33.
LaTeX Font Info:    Overwriting math alphabet `\mathtt' in version `normal'
(Font)                  OT1/cmtt/m/n --> OT1/lmtt/m/n on input line 34.
LaTeX Font Info:    Overwriting math alphabet `\mathbf' in version `bold'
(Font)                  OT1/cmr/bx/n --> OT1/lmr/bx/n on input line 35.
LaTeX Font Info:    Overwriting math alphabet `\mathsf' in version `bold'
(Font)                  OT1/cmss/bx/n --> OT1/lmss/bx/n on input line 36.
LaTeX Font Info:    Overwriting math alphabet `\mathit' in version `bold'
(Font)                  OT1/cmr/bx/it --> OT1/lmr/bx/it on input line 37.
LaTeX Font Info:    Overwriting math alphabet `\mathtt' in version `bold'
(Font)                  OT1/cmtt/m/n --> OT1/lmtt/m/n on input line 38.
) (/Users/alexh/Library/TinyTeX/texmf-dist/tex/latex/amsfonts/amssymb.sty
Package: amssymb 2013/01/14 v3.01 AMS font symbols
(/Users/alexh/Library/TinyTeX/texmf-dist/tex/latex/amsfonts/amsfonts.sty
Package: amsfonts 2013/01/14 v3.01 Basic AMSFonts support
\@emptytoks=\toks15
\symAMSa=\mathgroup4
\symAMSb=\mathgroup5
LaTeX Font Info:    Redeclaring math symbol \hbar on input line 98.
LaTeX Font Info:    Overwriting math alphabet `\mathfrak' in version `bold'
(Font)                  U/euf/m/n --> U/euf/b/n on input line 106.
)) (/Users/alexh/Library/TinyTeX/texmf-dist/tex/latex/amsmath/amsmath.sty
Package: amsmath 2020/09/23 v2.17i AMS math features
\@mathmargin=\skip49
For additional information on amsmath, use the `?' option.
(/Users/alexh/Library/TinyTeX/texmf-dist/tex/latex/amsmath/amstext.sty
Package: amstext 2000/06/29 v2.01 AMS text
(/Users/alexh/Library/TinyTeX/texmf-dist/tex/latex/amsmath/amsgen.sty
File: amsgen.sty 1999/11/30 v2.0 generic functions
\@emptytoks=\toks16
\ex@=\dimen139
)) (/Users/alexh/Library/TinyTeX/texmf-dist/tex/latex/amsmath/amsbsy.sty
Package: amsbsy 1999/11/29 v1.2d Bold Symbols
\pmbraise@=\dimen140
) (/Users/alexh/Library/TinyTeX/texmf-dist/tex/latex/amsmath/amsopn.sty
Package: amsopn 2016/03/08 v2.02 operator names
)
\inf@bad=\count184
LaTeX Info: Redefining \frac on input line 234.
\uproot@=\count185
\leftroot@=\count186
LaTeX Info: Redefining \overline on input line 399.
\classnum@=\count187
\DOTSCASE@=\count188
LaTeX Info: Redefining \ldots on input line 496.
LaTeX Info: Redefining \dots on input line 499.
LaTeX Info: Redefining \cdots on input line 620.
\Mathstrutbox@=\box47
\strutbox@=\box48
\big@size=\dimen141
LaTeX Font Info:    Redeclaring font encoding OML on input line 743.
LaTeX Font Info:    Redeclaring font encoding OMS on input line 744.
\macc@depth=\count189
\c@MaxMatrixCols=\count190
\dotsspace@=\muskip16
\c@parentequation=\count191
\dspbrk@lvl=\count192
\tag@help=\toks17
\row@=\count193
\column@=\count194
\maxfields@=\count195
\andhelp@=\toks18
\eqnshift@=\dimen142
\alignsep@=\dimen143
\tagshift@=\dimen144
\tagwidth@=\dimen145
\totwidth@=\dimen146
\lineht@=\dimen147
\@envbody=\toks19
\multlinegap=\skip50
\multlinetaggap=\skip51
\mathdisplay@stack=\toks20
LaTeX Info: Redefining \[ on input line 2923.
LaTeX Info: Redefining \] on input line 2924.
) (/Users/alexh/Library/TinyTeX/texmf-dist/tex/generic/iftex/ifxetex.sty
Package: ifxetex 2019/10/25 v0.7 ifxetex legacy package. Use iftex instead.
(/Users/alexh/Library/TinyTeX/texmf-dist/tex/generic/iftex/iftex.sty
Package: iftex 2020/03/06 v1.0d TeX engine tests
)) (/Users/alexh/Library/TinyTeX/texmf-dist/tex/generic/iftex/ifluatex.sty
Package: ifluatex 2019/10/25 v1.5 ifluatex legacy package. Use iftex instead.
) (/Users/alexh/Library/TinyTeX/texmf-dist/tex/latex/base/fixltx2e.sty
Package: fixltx2e 2016/12/29 v2.1a fixes to LaTeX (obsolete)
Applying: [2015/01/01] Old fixltx2e package on input line 46.

Package fixltx2e Warning: fixltx2e is not required with releases after 2015
(fixltx2e)                All fixes are now in the LaTeX kernel.
(fixltx2e)                See the latexrelease package for details.

Already applied: [0000/00/00] Old fixltx2e package on input line 53.
)
(/Users/alexh/Library/TinyTeX/texmf-dist/tex/latex/unicode-math/unicode-math.st
y (/Users/alexh/Library/TinyTeX/texmf-dist/tex/latex/l3kernel/expl3.sty
Package: expl3 2021-02-18 L3 programming layer (loader) 

(/Users/alexh/Library/TinyTeX/texmf-dist/tex/latex/l3backend/l3backend-xetex.de
f
File: l3backend-xetex.def 2021-03-02 L3 backend support: XeTeX
(|extractbb --version)
\c__kernel_sys_dvipdfmx_version_int=\count196
\l__color_backend_stack_int=\count197
\g__graphics_track_int=\count198
\l__pdf_internal_box=\box49
\g__pdf_backend_object_int=\count199
\g__pdf_backend_annotation_int=\count266
\g__pdf_backend_link_int=\count267
))
Package: unicode-math 2020/01/31 v0.8q Unicode maths in XeLaTeX and LuaLaTeX

(/Users/alexh/Library/TinyTeX/texmf-dist/tex/latex/unicode-math/unicode-math-xe
tex.sty
Package: unicode-math-xetex 2020/01/31 v0.8q Unicode maths in XeLaTeX and LuaLa
TeX

(/Users/alexh/Library/TinyTeX/texmf-dist/tex/latex/l3packages/xparse/xparse.sty

(/Users/alexh/Library/TinyTeX/texmf-dist/tex/latex/l3packages/xparse/xparse-202
0-10-01.sty
(/Users/alexh/Library/TinyTeX/texmf-dist/tex/latex/l3packages/xparse/xparse-gen
eric.tex)))
(/Users/alexh/Library/TinyTeX/texmf-dist/tex/latex/l3packages/l3keys2e/l3keys2e
.sty
Package: l3keys2e 2021-02-02 LaTeX2e option processing using LaTeX3 keys
) (/Users/alexh/Library/TinyTeX/texmf-dist/tex/latex/fontspec/fontspec.sty
Package: fontspec 2020/02/21 v2.7i Font selection for XeLaTeX and LuaLaTeX
(/Users/alexh/Library/TinyTeX/texmf-dist/tex/latex/fontspec/fontspec-xetex.sty
Package: fontspec-xetex 2020/02/21 v2.7i Font selection for XeLaTeX and LuaLaTe
X
\l__fontspec_script_int=\count268
\l__fontspec_language_int=\count269
\l__fontspec_strnum_int=\count270
\l__fontspec_tmp_int=\count271
\l__fontspec_tmpa_int=\count272
\l__fontspec_tmpb_int=\count273
\l__fontspec_tmpc_int=\count274
\l__fontspec_em_int=\count275
\l__fontspec_emdef_int=\count276
\l__fontspec_strong_int=\count277
\l__fontspec_strongdef_int=\count278
\l__fontspec_tmpa_dim=\dimen148
\l__fontspec_tmpb_dim=\dimen149
\l__fontspec_tmpc_dim=\dimen150
(/Users/alexh/Library/TinyTeX/texmf-dist/tex/latex/base/fontenc.sty
Package: fontenc 2020/08/10 v2.0s Standard LaTeX package
) (/Users/alexh/Library/TinyTeX/texmf-dist/tex/latex/fontspec/fontspec.cfg))) (
/Users/alexh/Library/TinyTeX/texmf-dist/tex/latex/base/fix-cm.sty
Package: fix-cm 2015/01/14 v1.1t fixes to LaTeX
(/Users/alexh/Library/TinyTeX/texmf-dist/tex/latex/base/ts1enc.def
File: ts1enc.def 2001/06/05 v3.0e (jk/car/fm) Standard LaTeX file
LaTeX Font Info:    Redeclaring font encoding TS1 on input line 47.
))
\g__um_fam_int=\count279
\g__um_fonts_used_int=\count280
\l__um_primecount_int=\count281
\g__um_primekern_muskip=\muskip17

(/Users/alexh/Library/TinyTeX/texmf-dist/tex/latex/unicode-math/unicode-math-ta
ble.tex))) (/Users/alexh/Library/TinyTeX/texmf-dist/tex/latex/upquote/upquote.s
ty
Package: upquote 2012/04/19 v1.3 upright-quote and grave-accent glyphs in verba
tim
(/Users/alexh/Library/TinyTeX/texmf-dist/tex/latex/base/textcomp.sty
Package: textcomp 2020/02/02 v2.0n Standard LaTeX package
)) (/Users/alexh/Library/TinyTeX/texmf-dist/tex/latex/hyperref/hyperref.sty
Package: hyperref 2021-02-27 v7.00k Hypertext links for LaTeX
(/Users/alexh/Library/TinyTeX/texmf-dist/tex/generic/ltxcmds/ltxcmds.sty
Package: ltxcmds 2020-05-10 v1.25 LaTeX kernel commands for general use (HO)
) (/Users/alexh/Library/TinyTeX/texmf-dist/tex/generic/pdftexcmds/pdftexcmds.st
y
Package: pdftexcmds 2020-06-27 v0.33 Utility functions of pdfTeX for LuaTeX (HO
)
(/Users/alexh/Library/TinyTeX/texmf-dist/tex/generic/infwarerr/infwarerr.sty
Package: infwarerr 2019/12/03 v1.5 Providing info/warning/error messages (HO)
)
Package pdftexcmds Info: \pdf@primitive is available.
Package pdftexcmds Info: \pdf@ifprimitive is available.
Package pdftexcmds Info: \pdfdraftmode not found.
) (/Users/alexh/Library/TinyTeX/texmf-dist/tex/latex/graphics/keyval.sty
Package: keyval 2014/10/28 v1.15 key=value parser (DPC)
\KV@toks@=\toks21
) (/Users/alexh/Library/TinyTeX/texmf-dist/tex/generic/kvsetkeys/kvsetkeys.sty
Package: kvsetkeys 2019/12/15 v1.18 Key value parser (HO)
)
(/Users/alexh/Library/TinyTeX/texmf-dist/tex/generic/kvdefinekeys/kvdefinekeys.
sty
Package: kvdefinekeys 2019-12-19 v1.6 Define keys (HO)
) (/Users/alexh/Library/TinyTeX/texmf-dist/tex/generic/pdfescape/pdfescape.sty
Package: pdfescape 2019/12/09 v1.15 Implements pdfTeX's escape features (HO)
) (/Users/alexh/Library/TinyTeX/texmf-dist/tex/latex/hycolor/hycolor.sty
Package: hycolor 2020-01-27 v1.10 Color options for hyperref/bookmark (HO)
) (/Users/alexh/Library/TinyTeX/texmf-dist/tex/latex/letltxmacro/letltxmacro.st
y
Package: letltxmacro 2019/12/03 v1.6 Let assignment for LaTeX macros (HO)
) (/Users/alexh/Library/TinyTeX/texmf-dist/tex/latex/auxhook/auxhook.sty
Package: auxhook 2019-12-17 v1.6 Hooks for auxiliary files (HO)
) (/Users/alexh/Library/TinyTeX/texmf-dist/tex/latex/kvoptions/kvoptions.sty
Package: kvoptions 2020-10-07 v3.14 Key value format for package options (HO)
)
\@linkdim=\dimen151
\Hy@linkcounter=\count282
\Hy@pagecounter=\count283
(/Users/alexh/Library/TinyTeX/texmf-dist/tex/latex/hyperref/pd1enc.def
File: pd1enc.def 2021-02-27 v7.00k Hyperref: PDFDocEncoding definition (HO)
)
(/Users/alexh/Library/TinyTeX/texmf-dist/tex/latex/hyperref/hyperref-langpatche
s.def
File: hyperref-langpatches.def 2021-02-27 v7.00k Hyperref: patches for babel la
nguages
) (/Users/alexh/Library/TinyTeX/texmf-dist/tex/generic/intcalc/intcalc.sty
Package: intcalc 2019/12/15 v1.3 Expandable calculations with integers (HO)
) (/Users/alexh/Library/TinyTeX/texmf-dist/tex/generic/etexcmds/etexcmds.sty
Package: etexcmds 2019/12/15 v1.7 Avoid name clashes with e-TeX commands (HO)
)
\Hy@SavedSpaceFactor=\count284
(/Users/alexh/Library/TinyTeX/texmf-dist/tex/latex/hyperref/puenc.def
File: puenc.def 2021-02-27 v7.00k Hyperref: PDF Unicode definition (HO)
)
Package hyperref Info: Option `unicode' set `true' on input line 4073.
Package hyperref Info: Hyper figures OFF on input line 4192.
Package hyperref Info: Link nesting OFF on input line 4197.
Package hyperref Info: Hyper index ON on input line 4200.
Package hyperref Info: Plain pages OFF on input line 4207.
Package hyperref Info: Backreferencing OFF on input line 4212.
Package hyperref Info: Implicit mode ON; LaTeX internals redefined.
Package hyperref Info: Bookmarks ON on input line 4445.
\c@Hy@tempcnt=\count285
(/Users/alexh/Library/TinyTeX/texmf-dist/tex/latex/url/url.sty
\Urlmuskip=\muskip18
Package: url 2013/09/16  ver 3.4  Verb mode for urls, etc.
)
LaTeX Info: Redefining \url on input line 4804.
\XeTeXLinkMargin=\dimen152
(/Users/alexh/Library/TinyTeX/texmf-dist/tex/generic/bitset/bitset.sty
Package: bitset 2019/12/09 v1.3 Handle bit-vector datatype (HO)
(/Users/alexh/Library/TinyTeX/texmf-dist/tex/generic/bigintcalc/bigintcalc.sty
Package: bigintcalc 2019/12/15 v1.5 Expandable calculations on big integers (HO
)
))
\Fld@menulength=\count286
\Field@Width=\dimen153
\Fld@charsize=\dimen154
Package hyperref Info: Hyper figures OFF on input line 6075.
Package hyperref Info: Link nesting OFF on input line 6080.
Package hyperref Info: Hyper index ON on input line 6083.
Package hyperref Info: backreferencing OFF on input line 6090.
Package hyperref Info: Link coloring OFF on input line 6095.
Package hyperref Info: Link coloring with OCG OFF on input line 6100.
Package hyperref Info: PDF/A mode OFF on input line 6105.
LaTeX Info: Redefining \ref on input line 6145.
LaTeX Info: Redefining \pageref on input line 6149.
(/Users/alexh/Library/TinyTeX/texmf-dist/tex/latex/base/atbegshi-ltx.sty
Package: atbegshi-ltx 2020/08/17 v1.0a Emulation of the original atbegshi packa
ge
with kernel methods
)
\Hy@abspage=\count287
\c@Item=\count288
\c@Hfootnote=\count289
)
Package hyperref Info: Driver (autodetected): hxetex.
(/Users/alexh/Library/TinyTeX/texmf-dist/tex/latex/hyperref/hxetex.def
File: hxetex.def 2021-02-27 v7.00k Hyperref driver for XeTeX
(/Users/alexh/Library/TinyTeX/texmf-dist/tex/generic/stringenc/stringenc.sty
Package: stringenc 2019/11/29 v1.12 Convert strings between diff. encodings (HO
)
)
\pdfm@box=\box50
\c@Hy@AnnotLevel=\count290
\HyField@AnnotCount=\count291
\Fld@listcount=\count292
\c@bookmark@seq@number=\count293

(/Users/alexh/Library/TinyTeX/texmf-dist/tex/latex/rerunfilecheck/rerunfilechec
k.sty
Package: rerunfilecheck 2019/12/05 v1.9 Rerun checks for auxiliary files (HO)
(/Users/alexh/Library/TinyTeX/texmf-dist/tex/latex/base/atveryend-ltx.sty
Package: atveryend-ltx 2020/08/19 v1.0a Emulation of the original atvery packag
e
with kernel methods
)
(/Users/alexh/Library/TinyTeX/texmf-dist/tex/generic/uniquecounter/uniquecounte
r.sty
Package: uniquecounter 2019/12/15 v1.4 Provide unlimited unique counter (HO)
)
Package uniquecounter Info: New unique counter `rerunfilecheck' on input line 2
86.
)
\Hy@SectionHShift=\skip52
)
Package hyperref Info: Option `breaklinks' set `true' on input line 35.
(/Users/alexh/Library/TinyTeX/texmf-dist/tex/latex/tools/longtable.sty
Package: longtable 2020/01/07 v4.13 Multi-page Table package (DPC)
\LTleft=\skip53
\LTright=\skip54
\LTpre=\skip55
\LTpost=\skip56
\LTchunksize=\count294
\LTcapwidth=\dimen155
\LT@head=\box51
\LT@firsthead=\box52
\LT@foot=\box53
\LT@lastfoot=\box54
\LT@cols=\count295
\LT@rows=\count296
\c@LT@tables=\count297
\c@LT@chunks=\count298
\LT@p@ftn=\toks22
) (/Users/alexh/Library/TinyTeX/texmf-dist/tex/latex/booktabs/booktabs.sty
Package: booktabs 2020/01/12 v1.61803398 Publication quality tables
\heavyrulewidth=\dimen156
\lightrulewidth=\dimen157
\cmidrulewidth=\dimen158
\belowrulesep=\dimen159
\belowbottomsep=\dimen160
\aboverulesep=\dimen161
\abovetopsep=\dimen162
\cmidrulesep=\dimen163
\cmidrulekern=\dimen164
\defaultaddspace=\dimen165
\@cmidla=\count299
\@cmidlb=\count300
\@aboverulesep=\dimen166
\@belowrulesep=\dimen167
\@thisruleclass=\count301
\@lastruleclass=\count302
\@thisrulewidth=\dimen168
) (/Users/alexh/Library/TinyTeX/texmf-dist/tex/latex/graphics/graphicx.sty
Package: graphicx 2020/09/09 v1.2b Enhanced LaTeX Graphics (DPC,SPQR)
(/Users/alexh/Library/TinyTeX/texmf-dist/tex/latex/graphics/graphics.sty
Package: graphics 2020/08/30 v1.4c Standard LaTeX Graphics (DPC,SPQR)
(/Users/alexh/Library/TinyTeX/texmf-dist/tex/latex/graphics/trig.sty
Package: trig 2016/01/03 v1.10 sin cos tan (DPC)
) (/Users/alexh/Library/TinyTeX/texmf-dist/tex/latex/graphics-cfg/graphics.cfg
File: graphics.cfg 2016/06/04 v1.11 sample graphics configuration
)
Package graphics Info: Driver file: xetex.def on input line 105.
(/Users/alexh/Library/TinyTeX/texmf-dist/tex/latex/graphics-def/xetex.def
File: xetex.def 2020/08/26 v5.0i Graphics/color driver for xetex
))
\Gin@req@height=\dimen169
\Gin@req@width=\dimen170
) (/Users/alexh/Library/TinyTeX/texmf-dist/tex/latex/grffile/grffile.sty
Package: grffile 2019/11/11 v2.1 Extended file name support for graphics (legac
y)
Package grffile Info: This package is an empty stub for compatibility on input 
line 40.
) (/Users/alexh/Library/TinyTeX/texmf-dist/tex/latex/amscls/amsthm.sty
Package: amsthm 2020/05/29 v2.20.6
\thm@style=\toks23
\thm@bodyfont=\toks24
\thm@headfont=\toks25
\thm@notefont=\toks26
\thm@headpunct=\toks27
\thm@preskip=\skip57
\thm@postskip=\skip58
\thm@headsep=\skip59
\dth@everypar=\toks28
) (/Users/alexh/Library/TinyTeX/texmf-dist/tex/latex/natbib/natbib.sty
Package: natbib 2010/09/13 8.31b (PWD, AO)
\bibhang=\skip60
\bibsep=\skip61
LaTeX Info: Redefining \cite on input line 694.
\c@NAT@ctr=\count303
)
No file tracking-review.aux.
\openout1 = `tracking-review.aux'.

LaTeX Font Info:    Checking defaults for OML/cmm/m/it on input line 83.
LaTeX Font Info:    ... okay on input line 83.
LaTeX Font Info:    Checking defaults for OMS/cmsy/m/n on input line 83.
LaTeX Font Info:    ... okay on input line 83.
LaTeX Font Info:    Checking defaults for OT1/cmr/m/n on input line 83.
LaTeX Font Info:    ... okay on input line 83.
LaTeX Font Info:    Checking defaults for T1/cmr/m/n on input line 83.
LaTeX Font Info:    ... okay on input line 83.
LaTeX Font Info:    Checking defaults for TS1/cmr/m/n on input line 83.
LaTeX Font Info:    ... okay on input line 83.
LaTeX Font Info:    Checking defaults for TU/lmr/m/n on input line 83.
LaTeX Font Info:    ... okay on input line 83.
LaTeX Font Info:    Checking defaults for OMX/cmex/m/n on input line 83.
LaTeX Font Info:    ... okay on input line 83.
LaTeX Font Info:    Checking defaults for U/cmr/m/n on input line 83.
LaTeX Font Info:    ... okay on input line 83.
LaTeX Font Info:    Checking defaults for PD1/pdf/m/n on input line 83.
LaTeX Font Info:    ... okay on input line 83.
LaTeX Font Info:    Checking defaults for PU/pdf/m/n on input line 83.
LaTeX Font Info:    ... okay on input line 83.
LaTeX Font Info:    Overwriting math alphabet `\mathrm' in version `normal'
(Font)                  OT1/lmr/m/n --> TU/lmr/m/n on input line 83.
LaTeX Font Info:    Overwriting math alphabet `\mathit' in version `normal'
(Font)                  OT1/lmr/m/it --> TU/lmr/m/it on input line 83.
LaTeX Font Info:    Overwriting math alphabet `\mathbf' in version `normal'
(Font)                  OT1/lmr/bx/n --> TU/lmr/bx/n on input line 83.
LaTeX Font Info:    Overwriting math alphabet `\mathsf' in version `normal'
(Font)                  OT1/lmss/m/n --> TU/lmss/m/n on input line 83.
LaTeX Font Info:    Overwriting math alphabet `\mathsf' in version `bold'
(Font)                  OT1/lmss/bx/n --> TU/lmss/bx/n on input line 83.
LaTeX Font Info:    Overwriting math alphabet `\mathtt' in version `normal'
(Font)                  OT1/lmtt/m/n --> TU/lmtt/m/n on input line 83.
LaTeX Font Info:    Overwriting math alphabet `\mathtt' in version `bold'
(Font)                  OT1/lmtt/m/n --> TU/lmtt/bx/n on input line 83.

Package fontspec Info: latinmodern-math scale = 0.9999964596882403.


Package fontspec Info: latinmodern-math scale = 0.9999964596882403.


Package fontspec Info: latinmodern-math scale = 0.9999964596882403.


Package fontspec Info: Font family 'latinmodern-math.otf(0)' created for font
(fontspec)             'latinmodern-math.otf' with options
(fontspec)             [Ligatures=TeX,Scale=MatchLowercase,BoldItalicFont={},It
alicFont={},SmallCapsFont={},Script=Math,BoldFont={latinmodern-math.otf}].
(fontspec)              
(fontspec)              This font family consists of the following NFSS
(fontspec)             series/shapes:
(fontspec)              
(fontspec)             - 'normal' (m/n) with NFSS spec.:
(fontspec)             <->s*[0.9999964596882403]"[latinmodern-math.otf]/OT:scri
pt=math;language=dflt;mapping=tex-text;"
(fontspec)             - 'small caps'  (m/sc) with NFSS spec.: 
(fontspec)             - 'bold' (b/n) with NFSS spec.:
(fontspec)             <->s*[0.9999964596882403]"[latinmodern-math.otf]/OT:scri
pt=math;language=dflt;mapping=tex-text;"
(fontspec)             - 'bold small caps'  (b/sc) with NFSS spec.: 

LaTeX Font Info:    Font shape `TU/latinmodern-math.otf(0)/m/n' will be
(Font)              scaled to size 10.0pt on input line 83.

Package fontspec Info: latinmodern-math scale = 0.9999964596882403.


Package fontspec Info: latinmodern-math scale = 0.9999964596882403.


Package fontspec Info: latinmodern-math scale = 0.9999964596882403.


Package fontspec Info: latinmodern-math scale = 0.9999964596882403.


Package fontspec Info: latinmodern-math scale = 0.9999964596882403.


Package fontspec Info: Font family 'latinmodern-math.otf(1)' created for font
(fontspec)             'latinmodern-math.otf' with options
(fontspec)             [Ligatures=TeX,Scale=MatchLowercase,BoldItalicFont={},It
alicFont={},SmallCapsFont={},Script=Math,SizeFeatures={{Size=8.5-},{Size=6-8.5,
Font=latinmodern-math.otf,Style=MathScript},{Size=-6,Font=latinmodern-math.otf,
Style=MathScriptScript}},BoldFont={latinmodern-math.otf}].
(fontspec)              
(fontspec)              This font family consists of the following NFSS
(fontspec)             series/shapes:
(fontspec)              
(fontspec)             - 'normal' (m/n) with NFSS spec.:
(fontspec)             <8.5->s*[0.9999964596882403]"[latinmodern-math.otf]/OT:s
cript=math;language=dflt;mapping=tex-text;"<6-8.5>s*[0.9999964596882403]"[latin
modern-math.otf]/OT:script=math;language=dflt;+ssty=0;mapping=tex-text;"<-6>s*[
0.9999964596882403]"[latinmodern-math.otf]/OT:script=math;language=dflt;+ssty=1
;mapping=tex-text;"
(fontspec)             - 'small caps'  (m/sc) with NFSS spec.: 
(fontspec)             - 'bold' (b/n) with NFSS spec.:
(fontspec)             <->s*[0.9999964596882403]"[latinmodern-math.otf]/OT:scri
pt=math;language=dflt;mapping=tex-text;"
(fontspec)             - 'bold small caps'  (b/sc) with NFSS spec.: 

LaTeX Font Info:    Font shape `TU/latinmodern-math.otf(1)/m/n' will be
(Font)              scaled to size 10.0pt on input line 83.
LaTeX Font Info:    Encoding `OT1' has changed to `TU' for symbol font
(Font)              `operators' in the math version `normal' on input line 83.
LaTeX Font Info:    Overwriting symbol font `operators' in version `normal'
(Font)                  OT1/lmr/m/n --> TU/latinmodern-math.otf(1)/m/n on input
 line 83.
LaTeX Font Info:    Encoding `OT1' has changed to `TU' for symbol font
(Font)              `operators' in the math version `bold' on input line 83.
LaTeX Font Info:    Overwriting symbol font `operators' in version `bold'
(Font)                  OT1/lmr/bx/n --> TU/latinmodern-math.otf(1)/b/n on inpu
t line 83.

Package fontspec Info: latinmodern-math scale = 0.9999964596882403.


Package fontspec Info: latinmodern-math scale = 1.000096459334209.


Package fontspec Info: latinmodern-math scale = 0.9999964596882403.


Package fontspec Info: latinmodern-math scale = 1.000096459334209.


Package fontspec Info: latinmodern-math scale = 0.9999964596882403.


Package fontspec Info: latinmodern-math scale = 1.000096459334209.


Package fontspec Info: latinmodern-math scale = 0.9999964596882403.


Package fontspec Info: latinmodern-math scale = 1.000096459334209.


Package fontspec Info: latinmodern-math scale = 0.9999964596882403.


Package fontspec Info: latinmodern-math scale = 1.000096459334209.


Package fontspec Info: Font family 'latinmodern-math.otf(2)' created for font
(fontspec)             'latinmodern-math.otf' with options
(fontspec)             [Ligatures=TeX,Scale=MatchLowercase,BoldItalicFont={},It
alicFont={},SmallCapsFont={},Script=Math,SizeFeatures={{Size=8.5-},{Size=6-8.5,
Font=latinmodern-math.otf,Style=MathScript},{Size=-6,Font=latinmodern-math.otf,
Style=MathScriptScript}},BoldFont={latinmodern-math.otf},ScaleAgain=1.0001,Font
Adjustment={\fontdimen
(fontspec)             8\font =6.77pt\relax \fontdimen 9\font =3.94pt\relax
(fontspec)             \fontdimen 10\font =4.44pt\relax \fontdimen 11\font
(fontspec)             =6.86pt\relax \fontdimen 12\font =3.45pt\relax
(fontspec)             \fontdimen 13\font =3.63pt\relax \fontdimen 14\font
(fontspec)             =3.63pt\relax \fontdimen 15\font =2.89pt\relax
(fontspec)             \fontdimen 16\font =2.47pt\relax \fontdimen 17\font
(fontspec)             =2.47pt\relax \fontdimen 18\font =2.5pt\relax
(fontspec)             \fontdimen 19\font =2.0pt\relax \fontdimen 22\font
(fontspec)             =2.5pt\relax \fontdimen 20\font =0pt\relax \fontdimen
(fontspec)             21\font =0pt\relax }].
(fontspec)              
(fontspec)              This font family consists of the following NFSS
(fontspec)             series/shapes:
(fontspec)              
(fontspec)             - 'normal' (m/n) with NFSS spec.:
(fontspec)             <8.5->s*[1.000096459334209]"[latinmodern-math.otf]/OT:sc
ript=math;language=dflt;mapping=tex-text;"<6-8.5>s*[1.000096459334209]"[latinmo
dern-math.otf]/OT:script=math;language=dflt;+ssty=0;mapping=tex-text;"<-6>s*[1.
000096459334209]"[latinmodern-math.otf]/OT:script=math;language=dflt;+ssty=1;ma
pping=tex-text;"
(fontspec)             - 'small caps'  (m/sc) with NFSS spec.: 
(fontspec)             and font adjustment code:
(fontspec)             \fontdimen 8\font =6.77pt\relax \fontdimen 9\font
(fontspec)             =3.94pt\relax \fontdimen 10\font =4.44pt\relax
(fontspec)             \fontdimen 11\font =6.86pt\relax \fontdimen 12\font
(fontspec)             =3.45pt\relax \fontdimen 13\font =3.63pt\relax
(fontspec)             \fontdimen 14\font =3.63pt\relax \fontdimen 15\font
(fontspec)             =2.89pt\relax \fontdimen 16\font =2.47pt\relax
(fontspec)             \fontdimen 17\font =2.47pt\relax \fontdimen 18\font
(fontspec)             =2.5pt\relax \fontdimen 19\font =2.0pt\relax \fontdimen
(fontspec)             22\font =2.5pt\relax \fontdimen 20\font =0pt\relax
(fontspec)             \fontdimen 21\font =0pt\relax 
(fontspec)             - 'bold' (b/n) with NFSS spec.:
(fontspec)             <->s*[1.000096459334209]"[latinmodern-math.otf]/OT:scrip
t=math;language=dflt;mapping=tex-text;"
(fontspec)             - 'bold small caps'  (b/sc) with NFSS spec.: 
(fontspec)             and font adjustment code:
(fontspec)             \fontdimen 8\font =6.77pt\relax \fontdimen 9\font
(fontspec)             =3.94pt\relax \fontdimen 10\font =4.44pt\relax
(fontspec)             \fontdimen 11\font =6.86pt\relax \fontdimen 12\font
(fontspec)             =3.45pt\relax \fontdimen 13\font =3.63pt\relax
(fontspec)             \fontdimen 14\font =3.63pt\relax \fontdimen 15\font
(fontspec)             =2.89pt\relax \fontdimen 16\font =2.47pt\relax
(fontspec)             \fontdimen 17\font =2.47pt\relax \fontdimen 18\font
(fontspec)             =2.5pt\relax \fontdimen 19\font =2.0pt\relax \fontdimen
(fontspec)             22\font =2.5pt\relax \fontdimen 20\font =0pt\relax
(fontspec)             \fontdimen 21\font =0pt\relax 

LaTeX Font Info:    Encoding `OMS' has changed to `TU' for symbol font
(Font)              `symbols' in the math version `normal' on input line 83.
LaTeX Font Info:    Overwriting symbol font `symbols' in version `normal'
(Font)                  OMS/lmsy/m/n --> TU/latinmodern-math.otf(2)/m/n on inpu
t line 83.
LaTeX Font Info:    Encoding `OMS' has changed to `TU' for symbol font
(Font)              `symbols' in the math version `bold' on input line 83.
LaTeX Font Info:    Overwriting symbol font `symbols' in version `bold'
(Font)                  OMS/lmsy/b/n --> TU/latinmodern-math.otf(2)/b/n on inpu
t line 83.

Package fontspec Info: latinmodern-math scale = 0.9999964596882403.


Package fontspec Info: latinmodern-math scale = 0.9998964600422715.


Package fontspec Info: latinmodern-math scale = 0.9999964596882403.


Package fontspec Info: latinmodern-math scale = 0.9998964600422715.


Package fontspec Info: latinmodern-math scale = 0.9999964596882403.


Package fontspec Info: latinmodern-math scale = 0.9998964600422715.


Package fontspec Info: latinmodern-math scale = 0.9999964596882403.


Package fontspec Info: latinmodern-math scale = 0.9998964600422715.


Package fontspec Info: latinmodern-math scale = 0.9999964596882403.


Package fontspec Info: latinmodern-math scale = 0.9998964600422715.


Package fontspec Info: Font family 'latinmodern-math.otf(3)' created for font
(fontspec)             'latinmodern-math.otf' with options
(fontspec)             [Ligatures=TeX,Scale=MatchLowercase,BoldItalicFont={},It
alicFont={},SmallCapsFont={},Script=Math,SizeFeatures={{Size=8.5-},{Size=6-8.5,
Font=latinmodern-math.otf,Style=MathScript},{Size=-6,Font=latinmodern-math.otf,
Style=MathScriptScript}},BoldFont={latinmodern-math.otf},ScaleAgain=0.9999,Font
Adjustment={\fontdimen
(fontspec)             8\font =0.4pt\relax \fontdimen 9\font =2.0pt\relax
(fontspec)             \fontdimen 10\font =1.67pt\relax \fontdimen 11\font
(fontspec)             =1.11pt\relax \fontdimen 12\font =6.0pt\relax
(fontspec)             \fontdimen 13\font =0pt\relax }].
(fontspec)              
(fontspec)              This font family consists of the following NFSS
(fontspec)             series/shapes:
(fontspec)              
(fontspec)             - 'normal' (m/n) with NFSS spec.:
(fontspec)             <8.5->s*[0.9998964600422715]"[latinmodern-math.otf]/OT:s
cript=math;language=dflt;mapping=tex-text;"<6-8.5>s*[0.9998964600422715]"[latin
modern-math.otf]/OT:script=math;language=dflt;+ssty=0;mapping=tex-text;"<-6>s*[
0.9998964600422715]"[latinmodern-math.otf]/OT:script=math;language=dflt;+ssty=1
;mapping=tex-text;"
(fontspec)             - 'small caps'  (m/sc) with NFSS spec.: 
(fontspec)             and font adjustment code:
(fontspec)             \fontdimen 8\font =0.4pt\relax \fontdimen 9\font
(fontspec)             =2.0pt\relax \fontdimen 10\font =1.67pt\relax
(fontspec)             \fontdimen 11\font =1.11pt\relax \fontdimen 12\font
(fontspec)             =6.0pt\relax \fontdimen 13\font =0pt\relax 
(fontspec)             - 'bold' (b/n) with NFSS spec.:
(fontspec)             <->s*[0.9998964600422715]"[latinmodern-math.otf]/OT:scri
pt=math;language=dflt;mapping=tex-text;"
(fontspec)             - 'bold small caps'  (b/sc) with NFSS spec.: 
(fontspec)             and font adjustment code:
(fontspec)             \fontdimen 8\font =0.4pt\relax \fontdimen 9\font
(fontspec)             =2.0pt\relax \fontdimen 10\font =1.67pt\relax
(fontspec)             \fontdimen 11\font =1.11pt\relax \fontdimen 12\font
(fontspec)             =6.0pt\relax \fontdimen 13\font =0pt\relax 

LaTeX Font Info:    Encoding `OMX' has changed to `TU' for symbol font
(Font)              `largesymbols' in the math version `normal' on input line 8
3.
LaTeX Font Info:    Overwriting symbol font `largesymbols' in version `normal'
(Font)                  OMX/lmex/m/n --> TU/latinmodern-math.otf(3)/m/n on inpu
t line 83.
LaTeX Font Info:    Encoding `OMX' has changed to `TU' for symbol font
(Font)              `largesymbols' in the math version `bold' on input line 83.

LaTeX Font Info:    Overwriting symbol font `largesymbols' in version `bold'
(Font)                  OMX/lmex/m/n --> TU/latinmodern-math.otf(3)/b/n on inpu
t line 83.
Package hyperref Info: Link coloring OFF on input line 83.
(/Users/alexh/Library/TinyTeX/texmf-dist/tex/latex/hyperref/nameref.sty
Package: nameref 2021-04-02 v2.47 Cross-referencing by name of section
(/Users/alexh/Library/TinyTeX/texmf-dist/tex/latex/refcount/refcount.sty
Package: refcount 2019/12/15 v3.6 Data extraction from label references (HO)
)
(/Users/alexh/Library/TinyTeX/texmf-dist/tex/generic/gettitlestring/gettitlestr
ing.sty
Package: gettitlestring 2019/12/15 v1.6 Cleanup title references (HO)
)
\c@section@level=\count304
)
LaTeX Info: Redefining \ref on input line 83.
LaTeX Info: Redefining \pageref on input line 83.
LaTeX Info: Redefining \nameref on input line 83.
(./tracking-review.out) (./tracking-review.out)
\@outlinefile=\write3
\openout3 = `tracking-review.out'.


Package hyperref Warning: Rerun to get /PageLabels entry.

LaTeX Font Info:    Font shape `TU/latinmodern-math.otf(1)/m/n' will be
(Font)              scaled to size 12.0pt on input line 85.
LaTeX Font Info:    Font shape `TU/latinmodern-math.otf(1)/m/n' will be
(Font)              scaled to size 8.0pt on input line 85.
LaTeX Font Info:    Font shape `TU/latinmodern-math.otf(1)/m/n' will be
(Font)              scaled to size 6.0pt on input line 85.
LaTeX Font Info:    Trying to load font information for OML+lmm on input line 8
5.
(/Users/alexh/Library/TinyTeX/texmf-dist/tex/latex/lm/omllmm.fd
File: omllmm.fd 2009/10/30 v1.6 Font defs for Latin Modern
)
LaTeX Font Info:    Font shape `TU/latinmodern-math.otf(2)/m/n' will be
(Font)              scaled to size 12.0011pt on input line 85.
LaTeX Font Info:    Font shape `TU/latinmodern-math.otf(2)/m/n' will be
(Font)              scaled to size 8.00073pt on input line 85.
LaTeX Font Info:    Font shape `TU/latinmodern-math.otf(2)/m/n' will be
(Font)              scaled to size 6.00055pt on input line 85.
LaTeX Font Info:    Font shape `TU/latinmodern-math.otf(3)/m/n' will be
(Font)              scaled to size 11.99872pt on input line 85.
LaTeX Font Info:    Font shape `TU/latinmodern-math.otf(3)/m/n' will be
(Font)              scaled to size 7.99915pt on input line 85.
LaTeX Font Info:    Font shape `TU/latinmodern-math.otf(3)/m/n' will be
(Font)              scaled to size 5.99936pt on input line 85.
LaTeX Font Info:    Trying to load font information for U+msa on input line 85.

(/Users/alexh/Library/TinyTeX/texmf-dist/tex/latex/amsfonts/umsa.fd
File: umsa.fd 2013/01/14 v3.01 AMS symbols A
)
LaTeX Font Info:    Trying to load font information for U+msb on input line 85.

(/Users/alexh/Library/TinyTeX/texmf-dist/tex/latex/amsfonts/umsb.fd
File: umsb.fd 2013/01/14 v3.01 AMS symbols B
) [1


] [2

]

Package hyperref Warning: old toc file detected, not used; run LaTeX again.

\tf@toc=\write4
\openout4 = `tracking-review.toc'.

[3] [4

]
LaTeX Font Info:    Font shape `TU/latinmodern-math.otf(1)/m/n' will be
(Font)              scaled to size 7.0pt on input line 100.
LaTeX Font Info:    Font shape `TU/latinmodern-math.otf(1)/m/n' will be
(Font)              scaled to size 5.0pt on input line 100.
LaTeX Font Info:    Font shape `TU/latinmodern-math.otf(2)/m/n' will be
(Font)              scaled to size 10.00092pt on input line 100.
LaTeX Font Info:    Font shape `TU/latinmodern-math.otf(2)/m/n' will be
(Font)              scaled to size 7.00064pt on input line 100.
LaTeX Font Info:    Font shape `TU/latinmodern-math.otf(2)/m/n' will be
(Font)              scaled to size 5.00046pt on input line 100.
LaTeX Font Info:    Font shape `TU/latinmodern-math.otf(3)/m/n' will be
(Font)              scaled to size 9.99893pt on input line 100.
LaTeX Font Info:    Font shape `TU/latinmodern-math.otf(3)/m/n' will be
(Font)              scaled to size 6.99925pt on input line 100.
LaTeX Font Info:    Font shape `TU/latinmodern-math.otf(3)/m/n' will be
(Font)              scaled to size 4.99947pt on input line 100.
File: imagesForRmd/corellaOnShoulder2020croppedBlurredByAdobeOnline.jpg Graphic
 file (type bmp)
<imagesForRmd/corellaOnShoulder2020croppedBlurredByAdobeOnline.jpg>
[5] [6

]
Chapter 1.

Package natbib Warning: Citation `pylyshynTrackingMultipleIndependent1988' on p
age 7 undefined on input line 116.


Package natbib Warning: Citation `pylyshynTrackingMultipleIndependent1988' on p
age 7 undefined on input line 121.

[7] [8]
Underfull \hbox (badness 10000) in paragraph at lines 202--203
[]\TU/lmr/m/n/10 huangMeasuringInterrelationsMultiple2012. wilmerMultipleObject
Track-
 []

[9] [10]
Chapter 2.

Package natbib Warning: Citation `kroezeBrainGymPseudoscientific2016' on page 1
1 undefined on input line 217.


Package natbib Warning: Citation `luckIndependentAttentionalScanning1994a' on p
age 11 undefined on input line 219.


Package natbib Warning: Citation `luckIndependentHemisphericAttentional1989' on
 page 11 undefined on input line 219.

[11

]

Package natbib Warning: Citation `delvenneVisualShorttermMemory2012' on page 12
 undefined on input line 221.


Package natbib Warning: Citation `delvenneCapacityVisualShortterm2005' on page 
12 undefined on input line 223.


Package natbib Warning: Citation `alvarezIndependentResourcesAttentional2005' o
n page 12 undefined on input line 225.


Package natbib Warning: Citation `hudsonHemifieldEffectsMultiple2012' on page 1
2 undefined on input line 227.


Package natbib Warning: Citation `strongHemifieldspecificControlSpatial2019' on
 page 12 undefined on input line 229.


Package natbib Warning: Citation `holcombeObjectTrackingAbsence2014' on page 12
 undefined on input line 231.


Package natbib Warning: Citation `strongHemifieldspecificControlSpatial2019' on
 page 12 undefined on input line 236.

[12]
Chapter 3.

Package natbib Warning: Citation `oberauerAccessInformationWorking2002' on page
 13 undefined on input line 241.


Package natbib Warning: Citation `zylberbergBrainRouterCortical2010a' on page 1
3 undefined on input line 241.


Package natbib Warning: Citation `whiteEvidenceSerialProcessing2018' on page 13
 undefined on input line 241.


Package natbib Warning: Citation `reichleEncodingMultipleWords2009' on page 13 
undefined on input line 241.

File: tracking-review_files/figure-latex/unnamed-chunk-3-1.pdf Graphic file (ty
pe pdf)
<use tracking-review_files/figure-latex/unnamed-chunk-3-1.pdf>

Underfull \vbox (badness 10000) has occurred while \output is active []

[13

]

Package natbib Warning: Citation `duncanSelectiveAttentionOrganization1984' on 
page 14 undefined on input line 253.

[14]

Package natbib Warning: Citation `doranRoleVisualAttention2010' on page 15 unde
fined on input line 269.


Package natbib Warning: Citation `fougnieDistinctCapacityLimits2006' on page 15
 undefined on input line 269.


Package natbib Warning: Citation `piazzaNeurocognitiveStartupTools2011' on page
 15 undefined on input line 269.


Package natbib Warning: Citation `alvarezHowManyObjects2007' on page 15 undefin
ed on input line 269.


Package natbib Warning: Citation `chesneyEvidenceSharedMechanism2011' on page 1
5 undefined on input line 269.


Package natbib Warning: Citation `vanderburgChangesNotDifferences2019' on page 
15 undefined on input line 269.


Package natbib Warning: Citation `oksamaMultipleObjectTracking2004' on page 15 
undefined on input line 269.


Package natbib Warning: Citation `jevonsPowerNumericalDiscrimination1871' on pa
ge 15 undefined on input line 271.


Package natbib Warning: Citation `revkinDoesSubitizingReflect2008' on page 15 u
ndefined on input line 271.


Package natbib Warning: Citation `bettencourtSharedFilteringProcesses2011' on p
age 15 undefined on input line 271.

[15]

Package natbib Warning: Citation `schollWhatVisualObject2001' on page 16 undefi
ned on input line 286.


Package natbib Warning: Citation `hullemanMathematicsMultipleObject2005a' on pa
ge 16 undefined on input line 286.


Package natbib Warning: Citation `meyerhoffIndividualDifferencesVisual2020' on 
page 16 undefined on input line 288.


Package natbib Warning: Citation `meyerhoffIndividualDifferencesVisual2020' on 
page 16 undefined on input line 290.


Package natbib Warning: Citation `alvarezHowManyObjects2007' on page 16 undefin
ed on input line 292.


Package natbib Warning: Citation `holcombeExhaustingAttentionalTracking2012' on
 page 16 undefined on input line 292.


Package natbib Warning: Citation `franconeriEvidenceSpeedLimit2008' on page 16 
undefined on input line 292.


Package natbib Warning: Citation `holcombeObjectTrackingAbsence2014' on page 16
 undefined on input line 292.

[16] [17] [18

]
Chapter 4.

Package natbib Warning: Citation `pylyshynPuzzlingFindingsMultiple2006' on page
 19 undefined on input line 299.


Package natbib Warning: Citation `searsMultipleObjectTracking2000' on page 19 u
ndefined on input line 299.


Package natbib Warning: Citation `saenzGlobalFeaturebasedAttention2003' on page
 19 undefined on input line 301.


Package natbib Warning: Citation `whiteFeaturebasedAttentionInvoluntarily2011' 
on page 19 undefined on input line 301.

[19]

Package natbib Warning: Citation `eglyShiftingVisualAttention1994a' on page 20 
undefined on input line 308.


Package natbib Warning: Citation `davisReversalObjectBased2005' on page 20 unde
fined on input line 308.


Package natbib Warning: Citation `shomsteinObjectbasedAttentionStrength2008' on
 page 20 undefined on input line 308.


Package natbib Warning: Citation `shomsteinObjectbasedAttentionSensory2002' on 
page 20 undefined on input line 308.


Package natbib Warning: Citation `louIndividualDifferencesTemporal2020' on page
 20 undefined on input line 308.


Package natbib Warning: Citation `wannigAutomaticSpreadAttentional2011' on page
 20 undefined on input line 310.


Package natbib Warning: Citation `schollWhatVisualObject2001' on page 20 undefi
ned on input line 314.


Package natbib Warning: Citation `schollWhatVisualObject2001' on page 20 undefi
ned on input line 316.

File: imagesForRmd/linesSchollPylyshynFeldman_madeByHolcombe.png Graphic file (
type bmp)
<imagesForRmd/linesSchollPylyshynFeldman_madeByHolcombe.png>
[20]

Package natbib Warning: Citation `howeCanAttentionBe2012' on page 21 undefined 
on input line 328.


Package natbib Warning: Citation `wolfePreattentiveObjectFiles1997' on page 21 
undefined on input line 333.


Package natbib Warning: Citation `nakayamaVisualSurfaceRepresentation1995' on p
age 21 undefined on input line 333.


Package natbib Warning: Citation `schollObjectsAttentionState2001' on page 21 u
ndefined on input line 333.


Package natbib Warning: Citation `simonSciencesArtificialReissue1969' on page 2
1 undefined on input line 337.


Overfull \hbox (78.47232pt too wide) has occurred while \output is active
\TU/lmr/m/sl/10 4.2.  ARE OBJECT CREATION PROCESSES DISTINCT FROM TRACKING PROC
ESSES? \TU/lmr/m/n/10 21
 []

[21]

Package natbib Warning: Citation `schollObjectsAttentionState2001' on page 22 u
ndefined on input line 339.


LaTeX Warning: Reference `twoBrains' on page 22 undefined on input line 341.

[22] [23] [24

]
Chapter 5.
[25]

Package natbib Warning: Citation `wolfeMultipleObjectJuggling2007' on page 26 u
ndefined on input line 414.


Package natbib Warning: Citation `wolfeMultipleObjectJuggling2007' on page 26 u
ndefined on input line 416.


Package natbib Warning: Citation `wolfeMultipleObjectJuggling2007' on page 26 u
ndefined on input line 416.


Package natbib Warning: Citation `oksamaMultipleObjectTracking2004' on page 26 
undefined on input line 416.


Overfull \hbox (51.66454pt too wide) has occurred while \output is active
\TU/lmr/m/n/10 26 \TU/lmr/m/sl/10 CHAPTER 5.  WHICH ASPECT(S) OF TRACKING DETER
MINE PERFORMANCE?
 []

[26]

Package natbib Warning: Citation `oksamaMultipleObjectTracking2004' on page 27 
undefined on input line 418.


Package natbib Warning: Citation `wolfeMultipleObjectJuggling2007' on page 27 u
ndefined on input line 418.


Package natbib Warning: Citation `wolfeMultipleObjectJuggling2007' on page 27 u
ndefined on input line 418.


Package natbib Warning: Citation `wolfeMultipleObjectJuggling2007' on page 27 u
ndefined on input line 418.


Package natbib Warning: Citation `oksamaMultipleObjectTracking2004' on page 27 
undefined on input line 418.


Package natbib Warning: Citation `drewNeuralMeasuresIndividual2008' on page 27 
undefined on input line 423.


Package natbib Warning: Citation `franconeriHowManyLocations2007' on page 27 un
defined on input line 423.


Package natbib Warning: Citation `franconeriHowManyLocations2007' on page 27 un
defined on input line 424.

[27]

Package natbib Warning: Citation `franconeriHowManyLocations2007' on page 28 un
defined on input line 426.


Package natbib Warning: Citation `franconeriHowManyLocations2007' on page 28 un
defined on input line 426.


Package natbib Warning: Citation `franconeriHowManyLocations2007' on page 28 un
defined on input line 428.


Package natbib Warning: Citation `hogbenPerceptualIntegrationPerceptual1974' on
 page 28 undefined on input line 440.


Overfull \hbox (51.66454pt too wide) has occurred while \output is active
\TU/lmr/m/n/10 28 \TU/lmr/m/sl/10 CHAPTER 5.  WHICH ASPECT(S) OF TRACKING DETER
MINE PERFORMANCE?
 []

[28] [29]
Overfull \hbox (51.66454pt too wide) has occurred while \output is active
\TU/lmr/m/n/10 30 \TU/lmr/m/sl/10 CHAPTER 5.  WHICH ASPECT(S) OF TRACKING DETER
MINE PERFORMANCE?
 []

[30

]
Chapter 6.

Package natbib Warning: Citation `franconeriHowManyLocations2007' on page 31 un
defined on input line 454.


Package natbib Warning: Citation `wolfordPerturbationModelLetter1975' on page 3
1 undefined on input line 454.


Package natbib Warning: Citation `korteUberGestaltauffassungIm1923' on page 31 
undefined on input line 454.


Package natbib Warning: Citation `strasburgerDancingLettersTicks2014' on page 3
1 undefined on input line 454.


Package natbib Warning: Citation `boumaInteractionEffectsParafoveal1970a' on pa
ge 31 undefined on input line 460.


Package natbib Warning: Citation `gurnseyCrowdingSizeEccentricity2011' on page 
31 undefined on input line 460.


Package natbib Warning: Citation `intriligatorSpatialResolutionVisual2001' on p
age 31 undefined on input line 463.


Package natbib Warning: Citation `petrovAsymmetriesIdiosyncraticHot2011' on pag
e 31 undefined on input line 465.


Package natbib Warning: Citation `jooOptimizingTextIndividual2018' on page 31 u
ndefined on input line 465.


Package natbib Warning: Citation `franconeriTrackingMultipleObjects2010a' on pa
ge 31 undefined on input line 467.


Package natbib Warning: Citation `franconeriTrackingMultipleObjects2010a' on pa
ge 31 undefined on input line 467.


Package natbib Warning: Citation `franconeriTrackingMultipleObjects2010a' on pa
ge 31 undefined on input line 467.


Package natbib Warning: Citation `holcombeObjectTrackingAbsence2014' on page 31
 undefined on input line 467.


Package natbib Warning: Citation `holcombeExhaustingAttentionalTracking2012' on
 page 31 undefined on input line 467.

[31]

Package natbib Warning: Citation `mareschalAttentionalModulationCrowding2010' o
n page 32 undefined on input line 469.


Package natbib Warning: Citation `holcombeObjectTrackingAbsence2014' on page 32
 undefined on input line 471.


Package natbib Warning: Citation `maki-marttunenDistinctNeuralMechanisms2019' o
n page 32 undefined on input line 475.

[32]
Chapter 7.

Package natbib Warning: Citation `pashlerDualtaskInterferenceSimple1994' on pag
e 33 undefined on input line 488.

[33

]
Overfull \hbox (20.35672pt too wide) has occurred while \output is active
\TU/lmr/m/n/10 34 \TU/lmr/m/sl/10 CHAPTER 7.  SERIAL PROCESSING, PARALLEL PROCE
SSING, OR BOTH?
 []

[34

]
Chapter 8.

Package natbib Warning: Citation `fencsikRoleLocationMotion2007' on page 35 und
efined on input line 509.


Package natbib Warning: Citation `howeMotionInformationSometimes2012' on page 3
5 undefined on input line 509.


Package natbib Warning: Citation `fencsikRoleLocationMotion2007' on page 35 und
efined on input line 513.


Package natbib Warning: Citation `howardPositionRepresentationsLag2011' on page
 35 undefined on input line 515.


Package natbib Warning: Citation `lukavskyGazePositionLagging2016' on page 35 u
ndefined on input line 515.

[35] [36

]
Chapter 9.
File: imagesForRmd/shellGame.png Graphic file (type bmp)
<imagesForRmd/shellGame.png>
[37]
File: imagesForRmd/twoDiscsRevolving.png Graphic file (type bmp)
<imagesForRmd/twoDiscsRevolving.png>

Package natbib Warning: Citation `howeMotionInformationSometimes2012' on page 3
8 undefined on input line 568.


Package natbib Warning: Citation `cavanaghMobileComputationSpatiotemporal2008' 
on page 38 undefined on input line 572.

[38]
Overfull \hbox (123.20999pt too wide) in paragraph at lines 583--585
[]\TU/lmr/m/n/10 Discover+your+speed+limit+for+for+tracking+2+targets,+when+eac
h+is+in+an+array+of+3+objects-
 []


Overfull \hbox (98.26001pt too wide) in paragraph at lines 583--585
\TU/lmr/m/n/10 SD.mp4 Discover+your+speed+limit+for+tracking+2+targets,+each+in
+an+array+of+9+objects.-
 []

File: imagesForRmd/trackingLimitsMotionLimitSchematic.png Graphic file (type bm
p)
<imagesForRmd/trackingLimitsMotionLimitSchematic.png>

Underfull \vbox (badness 4403) has occurred while \output is active []

[39] [40]
Chapter 10.

Package natbib Warning: Citation `pylyshynPuzzlingFindingsMultiple2004' on page
 41 undefined on input line 610.

Missing character: There is no  in font [lmroman10-regular]:mapping=tex-text;!
File: imagesForRmd/shellGame.png Graphic file (type bmp)
<imagesForRmd/shellGame.png>

Overfull \hbox (3.22pt too wide) in paragraph at lines 625--626
[]\TU/lmr/m/n/10 movies/MOTmovies/holcombeLinaresVaziriPashkam/pairing_3timesfa
ster.mov 
 []

[41

] [42

]
Chapter 11.

Package natbib Warning: Citation `hedgeReliabilityParadoxWhy2018' on page 43 un
defined on input line 635.


Package natbib Warning: Citation `oksamaMultipleObjectTracking2004' on page 43 
undefined on input line 635.

[43]

Package natbib Warning: Citation `huangMeasuringInterrelationsMultiple2012' on 
page 44 undefined on input line 637.


Package natbib Warning: Citation `oksamaMultipleObjectTracking2004' on page 44 
undefined on input line 637.


Package natbib Warning: Citation `trevinoBridgingCognitiveNeuropsychological' o
n page 44 undefined on input line 637.


Package natbib Warning: Citation `oksamaMultipleObjectTracking2004' on page 44 
undefined on input line 637.


Package natbib Warning: Citation `huangMeasuringInterrelationsMultiple2012' on 
page 44 undefined on input line 644.


Package natbib Warning: Citation `trevinoBridgingCognitiveNeuropsychological' o
n page 44 undefined on input line 644.


Package natbib Warning: Citation `huangMeasuringInterrelationsMultiple2012' on 
page 44 undefined on input line 644.


Package natbib Warning: Citation `trevinoBridgingCognitiveNeuropsychological' o
n page 44 undefined on input line 646.


Package natbib Warning: Citation `fortenbaughSustainedAttentionLife2015' on pag
e 44 undefined on input line 646.


Package natbib Warning: Citation `trevinoBridgingCognitiveNeuropsychological' o
n page 44 undefined on input line 648.


Overfull \hbox (78.12782pt too wide) has occurred while \output is active
\TU/lmr/m/n/10 44 \TU/lmr/m/sl/10 CHAPTER 11.  ABILITIES, INDIVIDUAL DIFFERENCE
S, DUAL-TASK INTERFERENCE
 []

[44]

Package natbib Warning: Citation `trevinoBridgingCognitiveNeuropsychological' o
n page 45 undefined on input line 650.


Package natbib Warning: Citation `huangMeasuringInterrelationsMultiple2012' on 
page 45 undefined on input line 650.


Package natbib Warning: Citation `huangMeasuringInterrelationsMultiple2012' on 
page 45 undefined on input line 650.


Package natbib Warning: Citation `huangMeasuringInterrelationsMultiple2012' on 
page 45 undefined on input line 650.


Package natbib Warning: Citation `eayrsEstablishingIndividualDifferences2018' o
n page 45 undefined on input line 650.


Package natbib Warning: Citation `trickSpatialVisuospatialWorking2012' on page 
45 undefined on input line 652.


Package natbib Warning: Citation `trickAgeDifferencesEnumerating2003' on page 4
5 undefined on input line 664.


Package natbib Warning: Citation `alstonSubitizationAttentionalEngagement2004' 
on page 45 undefined on input line 667.


Package natbib Warning: Citation `railoBilateralTwoitemAdvantage2014' on page 4
5 undefined on input line 672.


Package natbib Warning: Citation `chesneyEvidenceSharedMechanism2011' on page 4
5 undefined on input line 674.


Package natbib Warning: Citation `fougnieDistinctCapacityLimits2006' on page 45
 undefined on input line 676.


Package natbib Warning: Citation `allenMultipletargetTrackingRole2006' on page 
45 undefined on input line 678.


Package natbib Warning: Citation `carterUsingPsilocybinInvestigate2005' on page
 45 undefined on input line 680.

[45]

Package natbib Warning: Citation `ohearnDevelopmentalProfilesMultiple2010' on p
age 46 undefined on input line 682.


Package natbib Warning: Citation `howardVisualSpatialAttention2020' on page 46 
undefined on input line 684.


Package natbib Warning: Citation `souzaContributionsVisualCentral2017' on page 
46 undefined on input line 686.


Overfull \hbox (78.12782pt too wide) has occurred while \output is active
\TU/lmr/m/n/10 46 \TU/lmr/m/sl/10 CHAPTER 11.  ABILITIES, INDIVIDUAL DIFFERENCE
S, DUAL-TASK INTERFERENCE
 []

[46]
Chapter 12.

Package natbib Warning: Citation `harrisExaminingRolesWorking2020' on page 47 u
ndefined on input line 691.


Package natbib Warning: Citation `mangineVisualTrackingSpeed2014' on page 47 un
defined on input line 693.


Package natbib Warning: Citation `mangineVisualTrackingSpeed2014' on page 47 un
defined on input line 695.

[47

] [48

]
Chapter 13.
[49]

Package natbib Warning: Citation `yantisMultielementVisualTracking1992' on page
 50 undefined on input line 711.


Package natbib Warning: Citation `billHierarchicalStructureEmployed2020' on pag
e 50 undefined on input line 711.


Package natbib Warning: Citation `howeCoordinateSystemsUsed2010' on page 50 und
efined on input line 711.


Package natbib Warning: Citation `howeVisuallyTrackingLocalizing2013' on page 5
0 undefined on input line 713.


Package natbib Warning: Citation `papenmeierTrackingLocationFeatures2014' on pa
ge 50 undefined on input line 715.

(./tracking-review.bbl [50] [51

] [52] [53] [54] [55] [56])

Package natbib Warning: There were undefined citations.

[57] (./tracking-review.aux

Package natbib Warning: Citation(s) may have changed.
(natbib)                Rerun to get citations correct.


! Package natbib Error: Bibliography not compatible with author-year citations.

(natbib)                Press <return> to continue in numerical citation style.


See the natbib package documentation for explanation.
Type  H <return>  for immediate help.
 ...                                              
                                                  
l.340 ...and\NAT@force@numbers{}\NAT@force@numbers
                                                   
Here is how much of TeX's memory you used:
 15704 strings out of 478944
 291486 string characters out of 5866706
 736893 words of memory out of 5000000
 35302 multiletter control sequences out of 15000+600000
 409889 words of font info for 81 fonts, out of 8000000 for 9000
 14 hyphenation exceptions out of 8191
 98i,6n,122p,2167b,579s stack positions out of 5000i,500n,10000p,200000b,80000s

Output written on tracking-review.pdf (57 pages).
