\BOOKMARK [0][-]{chapter*.3}{\376\377\000P\000r\000e\000f\000a\000c\000e}{}% 1
\BOOKMARK [0][-]{chapter.1}{\376\377\000O\000b\000j\000e\000c\000t\000s\000\040\000t\000h\000a\000t\000\040\000m\000o\000v\000e\000!}{}% 2
\BOOKMARK [0][-]{chapter.2}{\376\377\000B\000o\000t\000t\000l\000e\000n\000e\000c\000k\000s\000\040\000a\000n\000d\000\040\000c\000a\000p\000a\000c\000i\000t\000y}{}% 3
\BOOKMARK [0][-]{chapter.3}{\376\377\000T\000h\000e\000\040\000b\000i\000g\000g\000e\000s\000t\000\040\000m\000y\000t\000h\000\040\000o\000f\000\040\000o\000b\000j\000e\000c\000t\000\040\000t\000r\000a\000c\000k\000i\000n\000g}{}% 4
\BOOKMARK [1][-]{section.3.1}{\376\377\000D\000i\000f\000f\000e\000r\000e\000n\000t\000\040\000t\000a\000s\000k\000s\000,\000\040\000s\000a\000m\000e\000\040\000l\000i\000m\000i\000t\000?}{chapter.3}% 5
\BOOKMARK [0][-]{chapter.4}{\376\377\000O\000b\000j\000e\000c\000t\000s\000\040\000a\000n\000d\000\040\000a\000t\000t\000e\000n\000t\000i\000o\000n\000a\000l\000\040\000s\000p\000r\000e\000a\000d}{}% 6
\BOOKMARK [1][-]{section.4.1}{\376\377\000S\000t\000a\000t\000i\000o\000n\000a\000r\000y\000\040\000o\000b\000j\000e\000c\000t\000\040\000s\000e\000l\000e\000c\000t\000i\000o\000n}{chapter.4}% 7
\BOOKMARK [1][-]{section.4.2}{\376\377\000T\000h\000e\000\040\000e\000n\000d\000\040\000o\000f\000\040\000t\000h\000e\000\040\000l\000i\000n\000e}{chapter.4}% 8
\BOOKMARK [1][-]{section.4.3}{\376\377\000O\000b\000j\000e\000c\000t\000\040\000c\000r\000e\000a\000t\000i\000o\000n\000\040\000a\000n\000d\000\040\000o\000b\000j\000e\000c\000t\000\040\000t\000r\000a\000c\000k\000i\000n\000g\000:\000\040\000D\000i\000s\000t\000i\000n\000c\000t\000\040\000p\000r\000o\000c\000e\000s\000s\000e\000s\000?}{chapter.4}% 9
\BOOKMARK [1][-]{section.4.4}{\376\377\000W\000h\000a\000t\000\040\000t\000r\000a\000c\000k\000i\000n\000g\000\040\000s\000t\000i\000c\000k\000s\000\040\000t\000o}{chapter.4}% 10
\BOOKMARK [1][-]{section.4.5}{\376\377\000G\000r\000o\000w\000t\000h\000,\000\040\000s\000h\000r\000i\000n\000k\000a\000g\000e\000,\000\040\000a\000n\000d\000\040\000t\000r\000a\000c\000k\000i\000n\000g}{chapter.4}% 11
\BOOKMARK [1][-]{section.4.6}{\376\377\000C\000o\000u\000l\000d\000\040\000t\000r\000a\000c\000k\000i\000n\000g\000\040\000w\000o\000r\000k\000\040\000b\000y\000\040\000a\000t\000t\000e\000n\000t\000i\000o\000n\000a\000l\000\040\000s\000p\000r\000e\000a\000d\000i\000n\000g\000?}{chapter.4}% 12
\BOOKMARK [0][-]{chapter.5}{\376\377\000G\000r\000o\000u\000p\000i\000n\000g}{}% 13
\BOOKMARK [1][-]{section.5.1}{\376\377\000H\000i\000e\000r\000a\000r\000c\000h\000i\000c\000a\000l\000\040\000r\000e\000l\000a\000t\000i\000o\000n\000s}{chapter.5}% 14
\BOOKMARK [1][-]{section.5.2}{\376\377\000E\000y\000e\000s\000\040\000t\000o\000\040\000t\000h\000e\000\040\000c\000e\000n\000t\000e\000r}{chapter.5}% 15
\BOOKMARK [0][-]{chapter.6}{\376\377\000W\000h\000i\000c\000h\000\040\000a\000s\000p\000e\000c\000t\000\050\000s\000\051\000\040\000o\000f\000\040\000t\000r\000a\000c\000k\000i\000n\000g\000\040\000d\000e\000t\000e\000r\000m\000i\000n\000e\000\040\000p\000e\000r\000f\000o\000r\000m\000a\000n\000c\000e\000?}{}% 16
\BOOKMARK [1][-]{section.6.1}{\376\377\000U\000n\000i\000t\000a\000r\000y\000\040\000c\000o\000g\000n\000i\000t\000i\000o\000n\000\040\000\050\000C\042\110\0001\000\040\000p\000r\000o\000c\000e\000s\000s\000e\000s\000\051}{chapter.6}% 17
\BOOKMARK [1][-]{section.6.2}{\376\377\000W\000h\000i\000c\000h\000\040\000f\000a\000c\000t\000o\000r\000s}{chapter.6}% 18
\BOOKMARK [1][-]{section.6.3}{\376\377\000D\000u\000r\000a\000t\000i\000o\000n\000\040\000t\000h\000a\000t\000\040\000o\000n\000e\000\040\000c\000a\000n\000\040\000s\000u\000s\000t\000a\000i\000n\000\040\000a\000t\000t\000e\000n\000t\000i\000o\000n}{chapter.6}% 19
\BOOKMARK [0][-]{chapter.7}{\376\377\000S\000p\000a\000t\000i\000a\000l\000\040\000i\000n\000t\000e\000r\000f\000e\000r\000e\000n\000c\000e}{}% 20
\BOOKMARK [1][-]{section.7.1}{\376\377\000S\000p\000a\000t\000i\000a\000l\000\040\000i\000n\000t\000e\000r\000f\000e\000r\000e\000n\000c\000e\000\040\000d\000o\000e\000s\000\040\000n\000o\000t\000\040\000e\000x\000p\000l\000a\000i\000n\000\040\000w\000h\000y\000\040\000t\000r\000a\000c\000k\000i\000n\000g\000\040\000m\000a\000n\000y\000\040\000t\000a\000r\000g\000e\000t\000s\000\040\000i\000s\000\040\000m\000o\000r\000e\000\040\000d\000i\000f\000f\000i\000c\000u\000l\000t\000\040\000t\000h\000a\000n\000\040\000t\000r\000a\000c\000k\000i\000n\000g\000\040\000o\000n\000l\000y\000\040\000a\000\040\000f\000e\000w}{chapter.7}% 21
\BOOKMARK [0][-]{chapter.8}{\376\377\000T\000h\000e\000\040\000r\000o\000l\000e\000\040\000o\000f\000\040\000m\000o\000t\000i\000o\000n}{}% 22
\BOOKMARK [1][-]{section.8.1}{\376\377\000V\000e\000l\000o\000c\000i\000t\000y\000\040\000a\000s\000\040\000a\000\040\000f\000e\000a\000t\000u\000r\000e\000\040\000f\000o\000r\000\040\000c\000o\000r\000r\000e\000s\000p\000o\000n\000d\000e\000n\000c\000e\000\040\000m\000a\000t\000c\000h\000i\000n\000g\000?}{chapter.8}% 23
\BOOKMARK [1][-]{section.8.2}{\376\377\000V\000e\000l\000o\000c\000i\000t\000y\000\040\000f\000o\000r\000\040\000p\000o\000s\000i\000t\000i\000o\000n\000\040\000e\000s\000t\000i\000m\000a\000t\000i\000o\000n}{chapter.8}% 24
\BOOKMARK [1][-]{section.8.3}{\376\377\000S\000i\000m\000u\000l\000a\000t\000i\000o\000n\000\040\000e\000v\000i\000d\000e\000n\000c\000e\000\040\000i\000n\000d\000i\000c\000a\000t\000e\000s\000\040\000t\000h\000a\000t\000\040\000e\000x\000t\000r\000a\000p\000o\000l\000a\000t\000i\000o\000n\000\040\000h\000a\000s\000\040\000l\000i\000t\000t\000l\000e\000\040\000v\000a\000l\000u\000e\000\040\000i\000n\000\040\000M\000O\000T}{chapter.8}% 25
\BOOKMARK [1][-]{section.8.4}{\376\377\000A\000\040\000C\042\110\0001\000\040\000e\000x\000t\000r\000a\000p\000o\000l\000a\000t\000i\000o\000n\000\040\000e\000f\000f\000e\000c\000t\000?}{chapter.8}% 26
\BOOKMARK [0][-]{chapter.9}{\376\377\000S\000p\000e\000e\000d\000\040\000l\000i\000m\000i\000t\000s\000\040\000a\000n\000d\000\040\000t\000e\000m\000p\000o\000r\000a\000l\000\040\000l\000i\000m\000i\000t\000s}{}% 27
\BOOKMARK [1][-]{section.9.1}{\376\377\000A\000\040\000t\000e\000m\000p\000o\000r\000a\000l\000\040\000l\000i\000m\000i\000t\000\040\000o\000n\000\040\000p\000e\000r\000c\000e\000p\000t\000i\000o\000n}{chapter.9}% 28
\BOOKMARK [1][-]{section.9.2}{\376\377\000T\000e\000m\000p\000o\000r\000a\000l\000\040\000l\000i\000m\000i\000t\000s\000\040\000o\000n\000\040\000v\000i\000s\000u\000a\000l\000\040\000c\000o\000g\000n\000i\000t\000i\000o\000n}{chapter.9}% 29
\BOOKMARK [1][-]{section.9.3}{\376\377\000L\000o\000w\000-\000l\000e\000v\000e\000l\000\040\000a\000n\000d\000\040\000h\000i\000g\000h\000-\000l\000e\000v\000e\000l\000\040\000t\000e\000m\000p\000o\000r\000a\000l\000\040\000l\000i\000m\000i\000t\000s}{chapter.9}% 30
\BOOKMARK [1][-]{section.9.4}{\376\377\000T\000e\000m\000p\000o\000r\000a\000l\000\040\000l\000i\000m\000i\000t\000s\000\040\000o\000n\000\040\000t\000r\000a\000c\000k\000i\000n\000g}{chapter.9}% 31
\BOOKMARK [1][-]{section.9.5}{\376\377\000T\000e\000m\000p\000o\000r\000a\000l\000\040\000i\000n\000t\000e\000r\000f\000e\000r\000e\000n\000c\000e\000\040\000i\000s\000\040\000h\000i\000g\000h\000l\000y\000\040\000r\000e\000s\000o\000u\000r\000c\000e\000-\000i\000n\000t\000e\000n\000s\000i\000v\000e}{chapter.9}% 32
\BOOKMARK [1][-]{section.9.6}{\376\377\000R\000e\000l\000a\000t\000i\000o\000n\000\040\000t\000o\000\040\000o\000t\000h\000e\000r\000\040\000t\000e\000m\000p\000o\000r\000a\000l\000\040\000l\000i\000m\000i\000t\000s}{chapter.9}% 33
\BOOKMARK [1][-]{section.9.7}{\376\377\000S\000p\000e\000e\000d\000\040\000l\000i\000m\000i\000t\000s}{chapter.9}% 34
\BOOKMARK [1][-]{section.9.8}{\376\377\000P\000u\000t\000t\000i\000n\000g\000\040\000i\000t\000\040\000a\000l\000l\000\040\000t\000o\000g\000e\000t\000h\000e\000r}{chapter.9}% 35
\BOOKMARK [0][-]{chapter.10}{\376\377\000T\000w\000o\000\040\000b\000r\000a\000i\000n\000s\000\040\000o\000r\000\040\000o\000n\000e\000?}{}% 36
\BOOKMARK [1][-]{section.10.1}{\376\377\000T\000h\000e\000\040\000e\000x\000t\000r\000a\000o\000r\000d\000i\000n\000a\000r\000y\000\040\000h\000e\000m\000i\000f\000i\000e\000l\000d\000\040\000i\000n\000d\000e\000p\000e\000n\000d\000e\000n\000c\000e\000\040\000o\000f\000\040\000o\000b\000j\000e\000c\000t\000\040\000t\000r\000a\000c\000k\000i\000n\000g}{chapter.10}% 37
\BOOKMARK [1][-]{section.10.2}{\376\377\000Q\000u\000a\000n\000t\000i\000t\000a\000t\000i\000v\000e\000\040\000e\000s\000t\000i\000m\000a\000t\000e\000s\000\040\000o\000f\000\040\000i\000n\000d\000e\000p\000e\000n\000d\000e\000n\000c\000e}{chapter.10}% 38
\BOOKMARK [1][-]{section.10.3}{\376\377\000S\000o\000m\000e\000\040\000t\000r\000a\000c\000k\000i\000n\000g\000\040\000r\000e\000s\000o\000u\000r\000c\000e\000s\000\040\000a\000r\000e\000\040\000N\000O\000T\000\040\000h\000e\000m\000i\000f\000i\000e\000l\000d\000-\000s\000p\000e\000c\000i\000f\000i\000c}{chapter.10}% 39
\BOOKMARK [1][-]{section.10.4}{\376\377\000T\000h\000e\000\040\000u\000n\000d\000e\000r\000l\000y\000i\000n\000g\000\040\000m\000e\000c\000h\000a\000n\000i\000s\000m\000s}{chapter.10}% 40
\BOOKMARK [1][-]{section.10.5}{\376\377\000W\000h\000a\000t\000\040\000e\000l\000s\000e\000\040\000a\000r\000e\000\040\000h\000e\000m\000i\000f\000i\000e\000l\000d\000-\000s\000p\000e\000c\000i\000f\000i\000c\000\040\000r\000e\000s\000o\000u\000r\000c\000e\000s\000\040\000u\000s\000e\000d\000\040\000f\000o\000r\000?}{chapter.10}% 41
\BOOKMARK [1][-]{section.10.6}{\376\377\000H\000e\000m\000i\000s\000p\000h\000e\000r\000i\000c\000\040\000d\000i\000f\000f\000e\000r\000e\000n\000c\000e\000s}{chapter.10}% 42
\BOOKMARK [0][-]{chapter.11}{\376\377\000A\000r\000e\000\040\000p\000o\000s\000i\000t\000i\000o\000n\000s\000\040\000s\000a\000m\000p\000l\000e\000d\000\040\000s\000e\000r\000i\000a\000l\000l\000y\000?}{}% 43
\BOOKMARK [1][-]{section.11.1}{\376\377\000S\000p\000a\000t\000i\000a\000l\000\040\000r\000e\000l\000a\000t\000i\000o\000n\000s\000h\000i\000p\000s\000\040\000-\000\040\000a\000\040\000c\000a\000s\000e\000\040\000s\000t\000u\000d\000y\000\040\000o\000f\000\040\000s\000e\000r\000i\000a\000l\000\040\000p\000r\000o\000c\000e\000s\000s\000i\000n\000g}{chapter.11}% 44
\BOOKMARK [1][-]{section.11.2}{\376\377\000A\000\040\000c\000a\000s\000e\000\040\000f\000o\000r\000\040\000s\000e\000r\000i\000a\000l\000\040\000p\000o\000s\000i\000t\000i\000o\000n\000\040\000s\000a\000m\000p\000l\000i\000n\000g}{chapter.11}% 45
\BOOKMARK [1][-]{section.11.3}{\376\377\000E\000v\000i\000d\000e\000n\000c\000e\000\040\000f\000o\000r\000\040\000p\000a\000r\000a\000l\000l\000e\000l\000\040\000p\000r\000o\000c\000e\000s\000s\000i\000n\000g}{chapter.11}% 46
\BOOKMARK [1][-]{section.11.4}{\376\377\000M\000o\000d\000e\000l\000s\000\040\000o\000f\000\040\000M\000O\000T}{chapter.11}% 47
\BOOKMARK [0][-]{chapter.12}{\376\377\000S\000e\000r\000i\000a\000l\000\040\000s\000t\000r\000e\000a\000k\000\040\000s\000a\000m\000p\000l\000i\000n\000g}{}% 48
\BOOKMARK [1][-]{section.12.1}{\376\377\000T\000a\000k\000i\000n\000g\000\040\000s\000t\000o\000c\000k}{chapter.12}% 49
\BOOKMARK [0][-]{chapter.13}{\376\377\000K\000n\000o\000w\000i\000n\000g\000\040\000w\000h\000e\000r\000e\000\040\000b\000u\000t\000\040\000n\000o\000t\000\040\000w\000h\000a\000t}{}% 50
\BOOKMARK [1][-]{section.13.1}{\376\377\000T\000h\000e\000\040\000f\000i\000r\000s\000t\000\040\000q\000u\000e\000s\000t\000i\000o\000n\000:\000\040\000D\000o\000e\000s\000\040\000p\000o\000s\000i\000t\000i\000o\000n\000\040\000u\000p\000d\000a\000t\000i\000n\000g\000\040\000b\000e\000n\000e\000f\000i\000t\000\040\000f\000r\000o\000m\000\040\000d\000i\000f\000f\000e\000r\000e\000n\000c\000e\000s\000\040\000i\000n\000\040\000o\000b\000j\000e\000c\000t\000\040\000i\000d\000e\000n\000t\000i\000t\000i\000e\000s\000?}{chapter.13}% 51
\BOOKMARK [1][-]{section.13.2}{\376\377\000T\000h\000e\000\040\000s\000e\000c\000o\000n\000d\000\040\000q\000u\000e\000s\000t\000i\000o\000n\000:\000\040\000A\000r\000e\000\040\000w\000e\000\040\000a\000w\000a\000r\000e\000\040\000o\000f\000\040\000t\000h\000e\000\040\000i\000d\000e\000n\000t\000i\000t\000i\000e\000s\000\040\000o\000f\000\040\000o\000b\000j\000e\000c\000t\000s\000\040\000w\000e\000\040\000a\000r\000e\000\040\000t\000r\000a\000c\000k\000i\000n\000g\000?}{chapter.13}% 52
\BOOKMARK [1][-]{section.13.3}{\376\377\000B\000e\000a\000t\000e\000n\000\040\000b\000y\000\040\000a\000\040\000b\000i\000r\000d\000\040\000b\000r\000a\000i\000n}{chapter.13}% 53
\BOOKMARK [1][-]{section.13.4}{\376\377\000S\000o\000m\000e\000\040\000d\000i\000s\000s\000o\000c\000i\000a\000t\000i\000o\000n\000s\000\040\000b\000e\000t\000w\000e\000e\000n\000\040\000i\000d\000e\000n\000t\000i\000t\000y\000\040\000a\000n\000d\000\040\000l\000o\000c\000a\000t\000i\000o\000n\000\040\000p\000r\000o\000c\000e\000s\000s\000i\000n\000g\000\040\000r\000e\000f\000l\000e\000c\000t\000\040\000p\000o\000o\000r\000\040\000v\000i\000s\000i\000b\000i\000l\000i\000t\000y\000\040\000i\000n\000\040\000t\000h\000e\000\040\000p\000e\000r\000i\000p\000h\000e\000r\000y}{chapter.13}% 54
\BOOKMARK [1][-]{section.13.5}{\376\377\000E\000v\000i\000d\000e\000n\000c\000e\000\040\000f\000r\000o\000m\000\040\000t\000w\000o\000\040\000t\000e\000c\000h\000n\000i\000q\000u\000e\000s\000\040\000s\000u\000g\000g\000e\000s\000t\000s\000\040\000p\000a\000r\000a\000l\000l\000e\000l\000\040\000u\000p\000d\000a\000t\000i\000n\000g\000\040\000o\000f\000\040\000i\000d\000e\000n\000t\000i\000t\000i\000e\000s}{chapter.13}% 55
\BOOKMARK [1][-]{section.13.6}{\376\377\000E\000y\000e\000\040\000m\000o\000v\000e\000m\000e\000n\000t\000s\000\040\000c\000a\000n\000\040\000a\000d\000d\000\040\000a\000\040\000s\000e\000r\000i\000a\000l\000\040\000c\000o\000m\000p\000o\000n\000e\000n\000t\000\040\000t\000o\000\040\000t\000r\000a\000c\000k\000i\000n\000g}{chapter.13}% 56
\BOOKMARK [0][-]{chapter.14}{\376\377\000A\000b\000i\000l\000i\000t\000i\000e\000s\000\040\000a\000n\000d\000\040\000i\000n\000d\000i\000v\000i\000d\000u\000a\000l\000\040\000d\000i\000f\000f\000e\000r\000e\000n\000c\000e\000s}{}% 57
\BOOKMARK [1][-]{section.14.1}{\376\377\000D\000o\000\040\000p\000e\000o\000p\000l\000e\000\040\000v\000a\000r\000y\000\040\000m\000u\000c\000h\000\040\000i\000n\000\040\000h\000o\000w\000\040\000m\000a\000n\000y\000\040\000o\000b\000j\000e\000c\000t\000s\000\040\000t\000h\000e\000y\000\040\000c\000a\000n\000\040\000t\000r\000a\000c\000k\000?}{chapter.14}% 58
\BOOKMARK [1][-]{section.14.2}{\376\377\000G\000o\000i\000n\000g\000\040\000d\000e\000e\000p\000e\000r}{chapter.14}% 59
\BOOKMARK [0][-]{chapter.15}{\376\377\000T\000o\000w\000a\000r\000d\000s\000\040\000t\000h\000e\000\040\000r\000e\000a\000l\000\040\000w\000o\000r\000l\000d}{}% 60
\BOOKMARK [0][-]{chapter.16}{\376\377\000P\000r\000o\000g\000r\000e\000s\000s\000\040\000a\000n\000d\000\040\000r\000e\000c\000o\000m\000m\000e\000n\000d\000a\000t\000i\000o\000n\000s}{}% 61
\BOOKMARK [1][-]{section.16.1}{\376\377\000T\000h\000e\000\040\000d\000e\000c\000l\000i\000n\000e\000\040\000o\000f\000\040\000P\000y\000l\000y\000s\000h\000y\000n\000'\000s\000\040\000F\000I\000N\000S\000T\000\040\000t\000h\000e\000o\000r\000y}{chapter.16}% 62
\BOOKMARK [1][-]{section.16.2}{\376\377\000T\000o\000p\000i\000c\000s\000\040\000n\000o\000t\000\040\000c\000o\000v\000e\000r\000e\000d\000\040\000b\000y\000\040\000t\000h\000i\000s\000\040\000b\000o\000o\000k}{chapter.16}% 63
\BOOKMARK [1][-]{section.16.3}{\376\377\000R\000e\000c\000o\000m\000m\000e\000n\000d\000a\000t\000i\000o\000n\000s}{chapter.16}% 64
